<?xml version="1.0" encoding="UTF-8"?>
<!-- Generated by org.testng.reporters.JUnitXMLReporter -->
<testsuite ignored="0" hostname="LAPTOP-J56PF5JI" failures="0" tests="4" name="Test" time="11.569" errors="0" timestamp="2022-10-09T16:43:45 IST">
  <testcase classname="com.SauceDemo.TestClasses.TC01_VerifyLoginFunctionality" name="verifyLoginFunctionality" time="0.012"/>
  <testcase classname="com.SauceDemo.TestClasses.TC02_VerifyLogOutFunctionality" name="verifyLogoutFunctionality" time="0.005"/>
  <testcase classname="com.SauceDemo.TestClasses.TC03_BagProductAddToCartFunctionality" name="verifyBagProductFunctionality" time="0.103"/>
  <testcase classname="com.SauceDemo.TestClasses.TC04_VerifyAllProductFunctionality" name="verifyAllProductFunctionality" time="0.228"/>
</testsuite> <!-- Test -->
