<?xml version="1.0" encoding="UTF-8"?>
<testng-results ignored="0" total="4" passed="4" failed="0" skipped="0">
  <reporter-output>
  </reporter-output>
  <suite started-at="2022-10-09T16:43:33 IST" name="Suite" finished-at="2022-10-09T16:43:44 IST" duration-ms="11569">
    <groups>
    </groups>
    <test started-at="2022-10-09T16:43:33 IST" name="Test" finished-at="2022-10-09T16:43:44 IST" duration-ms="11569">
      <class name="com.SauceDemo.TestClasses.TC02_VerifyLogOutFunctionality">
        <test-method is-config="true" signature="setUp(java.lang.String)[pri:0, instance:com.SauceDemo.TestClasses.TC02_VerifyLogOutFunctionality@58d75e99]" started-at="2022-10-09T16:43:36 IST" name="setUp" finished-at="2022-10-09T16:43:38 IST" duration-ms="1879" status="PASS">
          <params>
            <param index="0">
              <value>
                <![CDATA[chrome]]>
              </value>
            </param>
          </params>
          <reporter-output>
          </reporter-output>
        </test-method> <!-- setUp -->
        <test-method signature="verifyLogoutFunctionality()[pri:0, instance:com.SauceDemo.TestClasses.TC02_VerifyLogOutFunctionality@58d75e99]" started-at="2022-10-09T16:43:38 IST" name="verifyLogoutFunctionality" finished-at="2022-10-09T16:43:38 IST" duration-ms="5" status="PASS">
          <reporter-output>
          </reporter-output>
        </test-method> <!-- verifyLogoutFunctionality -->
        <test-method is-config="true" signature="logoutTest()[pri:0, instance:com.SauceDemo.TestClasses.TC02_VerifyLogOutFunctionality@58d75e99]" started-at="2022-10-09T16:43:38 IST" name="logoutTest" finished-at="2022-10-09T16:43:39 IST" duration-ms="707" status="PASS">
          <reporter-output>
          </reporter-output>
        </test-method> <!-- logoutTest -->
      </class> <!-- com.SauceDemo.TestClasses.TC02_VerifyLogOutFunctionality -->
      <class name="com.SauceDemo.TestClasses.TC03_BagProductAddToCartFunctionality">
        <test-method is-config="true" signature="setUp(java.lang.String)[pri:0, instance:com.SauceDemo.TestClasses.TC03_BagProductAddToCartFunctionality@74751b3]" started-at="2022-10-09T16:43:39 IST" name="setUp" finished-at="2022-10-09T16:43:41 IST" duration-ms="1916" status="PASS">
          <params>
            <param index="0">
              <value>
                <![CDATA[chrome]]>
              </value>
            </param>
          </params>
          <reporter-output>
          </reporter-output>
        </test-method> <!-- setUp -->
        <test-method signature="verifyBagProductFunctionality()[pri:0, instance:com.SauceDemo.TestClasses.TC03_BagProductAddToCartFunctionality@74751b3]" started-at="2022-10-09T16:43:41 IST" name="verifyBagProductFunctionality" finished-at="2022-10-09T16:43:41 IST" duration-ms="103" status="PASS">
          <reporter-output>
          </reporter-output>
        </test-method> <!-- verifyBagProductFunctionality -->
        <test-method is-config="true" signature="logoutTest()[pri:0, instance:com.SauceDemo.TestClasses.TC03_BagProductAddToCartFunctionality@74751b3]" started-at="2022-10-09T16:43:41 IST" name="logoutTest" finished-at="2022-10-09T16:43:42 IST" duration-ms="661" status="PASS">
          <reporter-output>
          </reporter-output>
        </test-method> <!-- logoutTest -->
      </class> <!-- com.SauceDemo.TestClasses.TC03_BagProductAddToCartFunctionality -->
      <class name="com.SauceDemo.TestClasses.TC04_VerifyAllProductFunctionality">
        <test-method is-config="true" signature="setUp(java.lang.String)[pri:0, instance:com.SauceDemo.TestClasses.TC04_VerifyAllProductFunctionality@741a8937]" started-at="2022-10-09T16:43:42 IST" name="setUp" finished-at="2022-10-09T16:43:44 IST" duration-ms="1930" status="PASS">
          <params>
            <param index="0">
              <value>
                <![CDATA[chrome]]>
              </value>
            </param>
          </params>
          <reporter-output>
          </reporter-output>
        </test-method> <!-- setUp -->
        <test-method signature="verifyAllProductFunctionality()[pri:0, instance:com.SauceDemo.TestClasses.TC04_VerifyAllProductFunctionality@741a8937]" started-at="2022-10-09T16:43:44 IST" name="verifyAllProductFunctionality" finished-at="2022-10-09T16:43:44 IST" duration-ms="228" status="PASS">
          <reporter-output>
          </reporter-output>
        </test-method> <!-- verifyAllProductFunctionality -->
        <test-method is-config="true" signature="logoutTest()[pri:0, instance:com.SauceDemo.TestClasses.TC04_VerifyAllProductFunctionality@741a8937]" started-at="2022-10-09T16:43:44 IST" name="logoutTest" finished-at="2022-10-09T16:43:44 IST" duration-ms="662" status="PASS">
          <reporter-output>
          </reporter-output>
        </test-method> <!-- logoutTest -->
      </class> <!-- com.SauceDemo.TestClasses.TC04_VerifyAllProductFunctionality -->
      <class name="com.SauceDemo.TestClasses.TC01_VerifyLoginFunctionality">
        <test-method is-config="true" signature="setUp(java.lang.String)[pri:0, instance:com.SauceDemo.TestClasses.TC01_VerifyLoginFunctionality@71238fc2]" started-at="2022-10-09T16:43:33 IST" name="setUp" finished-at="2022-10-09T16:43:36 IST" duration-ms="2658" status="PASS">
          <params>
            <param index="0">
              <value>
                <![CDATA[chrome]]>
              </value>
            </param>
          </params>
          <reporter-output>
          </reporter-output>
        </test-method> <!-- setUp -->
        <test-method signature="verifyLoginFunctionality()[pri:0, instance:com.SauceDemo.TestClasses.TC01_VerifyLoginFunctionality@71238fc2]" started-at="2022-10-09T16:43:36 IST" name="verifyLoginFunctionality" finished-at="2022-10-09T16:43:36 IST" duration-ms="12" status="PASS">
          <reporter-output>
          </reporter-output>
        </test-method> <!-- verifyLoginFunctionality -->
        <test-method is-config="true" signature="logoutTest()[pri:0, instance:com.SauceDemo.TestClasses.TC01_VerifyLoginFunctionality@71238fc2]" started-at="2022-10-09T16:43:36 IST" name="logoutTest" finished-at="2022-10-09T16:43:36 IST" duration-ms="772" status="PASS">
          <reporter-output>
          </reporter-output>
        </test-method> <!-- logoutTest -->
      </class> <!-- com.SauceDemo.TestClasses.TC01_VerifyLoginFunctionality -->
    </test> <!-- Test -->
  </suite> <!-- Suite -->
</testng-results>
